<?xml version="1.0" encoding="UTF-8"?>
<testng-results skipped="0" failed="1" total="3" passed="2">
  <reporter-output>
  </reporter-output>
  <suite name="Default suite" duration-ms="21110" started-at="2015-11-20T08:22:35Z" finished-at="2015-11-20T08:22:57Z">
    <groups>
    </groups>
    <test name="Default test" duration-ms="21110" started-at="2015-11-20T08:22:35Z" finished-at="2015-11-20T08:22:57Z">
      <class name="com.org.ziolek.TestWebDriver">
        <test-method status="PASS" signature="setUp()[pri:0, instance:com.org.ziolek.TestWebDriver@1e67a849]" name="setUp" is-config="true" duration-ms="9967" started-at="2015-11-20T09:22:35Z" finished-at="2015-11-20T09:22:45Z">
          <reporter-output>
          </reporter-output>
        </test-method> <!-- setUp -->
        <test-method status="PASS" signature="closeCookieMessage()[pri:0, instance:com.org.ziolek.TestWebDriver@1e67a849]" name="closeCookieMessage" duration-ms="195" started-at="2015-11-20T09:22:45Z" finished-at="2015-11-20T09:22:46Z">
          <reporter-output>
          </reporter-output>
        </test-method> <!-- closeCookieMessage -->
        <test-method status="PASS" signature="loginToWebsite()[pri:0, instance:com.org.ziolek.TestWebDriver@1e67a849]" name="loginToWebsite" duration-ms="6691" started-at="2015-11-20T09:22:46Z" finished-at="2015-11-20T09:22:52Z">
          <reporter-output>
          </reporter-output>
        </test-method> <!-- loginToWebsite -->
        <test-method status="FAIL" signature="wykopywanieWszystkichPostow()[pri:0, instance:com.org.ziolek.TestWebDriver@1e67a849]" name="wykopywanieWszystkichPostow" duration-ms="4222" started-at="2015-11-20T09:22:52Z" finished-at="2015-11-20T09:22:57Z">
          <exception class="java.lang.NullPointerException">
            <full-stacktrace>
              <![CDATA[java.lang.NullPointerException
	at com.org.ziolek.TestWebDriver.wykopywanieWszystkichPostow(TestWebDriver.java:78)
	at sun.reflect.NativeMethodAccessorImpl.invoke0(Native Method)
	at sun.reflect.NativeMethodAccessorImpl.invoke(NativeMethodAccessorImpl.java:62)
	at sun.reflect.DelegatingMethodAccessorImpl.invoke(DelegatingMethodAccessorImpl.java:43)
	at java.lang.reflect.Method.invoke(Method.java:497)
	at org.testng.internal.MethodInvocationHelper.invokeMethod(MethodInvocationHelper.java:85)
	at org.testng.internal.Invoker.invokeMethod(Invoker.java:639)
	at org.testng.internal.Invoker.invokeTestMethod(Invoker.java:816)
	at org.testng.internal.Invoker.invokeTestMethods(Invoker.java:1124)
	at org.testng.internal.TestMethodWorker.invokeTestMethods(TestMethodWorker.java:125)
	at org.testng.internal.TestMethodWorker.run(TestMethodWorker.java:108)
	at org.testng.TestRunner.privateRun(TestRunner.java:774)
	at org.testng.TestRunner.run(TestRunner.java:624)
	at org.testng.SuiteRunner.runTest(SuiteRunner.java:359)
	at org.testng.SuiteRunner.runSequentially(SuiteRunner.java:354)
	at org.testng.SuiteRunner.privateRun(SuiteRunner.java:312)
	at org.testng.SuiteRunner.run(SuiteRunner.java:261)
	at org.testng.SuiteRunnerWorker.runSuite(SuiteRunnerWorker.java:52)
	at org.testng.SuiteRunnerWorker.run(SuiteRunnerWorker.java:86)
	at org.testng.TestNG.runSuitesSequentially(TestNG.java:1215)
	at org.testng.TestNG.runSuitesLocally(TestNG.java:1140)
	at org.testng.TestNG.run(TestNG.java:1048)
	at org.testng.remote.RemoteTestNG.run(RemoteTestNG.java:112)
	at org.testng.remote.RemoteTestNG.initAndRun(RemoteTestNG.java:205)
	at org.testng.remote.RemoteTestNG.main(RemoteTestNG.java:176)
]]>
            </full-stacktrace>
          </exception> <!-- java.lang.NullPointerException -->
          <reporter-output>
          </reporter-output>
        </test-method> <!-- wykopywanieWszystkichPostow -->
      </class> <!-- com.org.ziolek.TestWebDriver -->
    </test> <!-- Default test -->
  </suite> <!-- Default suite -->
</testng-results>
